Rendering to 1024x1024 image
Loaded scene with 10000 circles
Loaded scene with 10000 circles
---------------------------------------------------------
Initializing CUDA for CudaRenderer
Found 1 CUDA devices
Device 0: NVIDIA GeForce RTX 3060 Laptop GPU
   SMs:        30
   Global mem: 6144 MB
   CUDA Cap:   8.6
---------------------------------------------------------

Running benchmark, 1 frames, beginning at frame 0 ...
Dumping frames to output_xxx.ppm
Copying image data from device
Wrote image file output_0000.ppm
Copying image data from device
Mismatch detected at pixel [0][0], value = 0.000000, expected 0.675655 for color Red
Mismatch detected at pixel [0][0], value = 0.000000, expected 0.445603 for color Green
Mismatch detected at pixel [0][0], value = 0.000000, expected 0.691850 for color Blue
Mismatch detected at pixel [0][1], value = 0.000000, expected 0.675655 for color Red
Mismatch detected at pixel [0][1], value = 0.000000, expected 0.445603 for color Green
Mismatch detected at pixel [0][1], value = 0.000000, expected 0.691850 for color Blue
ERROR : Mismatch detected between reference and actual
