Rendering to 1024x1024 image
Loaded scene with 100000 circles
Loaded scene with 100000 circles
---------------------------------------------------------
Initializing CUDA for CudaRenderer
Found 1 CUDA devices
Device 0: NVIDIA GeForce RTX 3060 Laptop GPU
   SMs:        30
   Global mem: 6144 MB
   CUDA Cap:   8.6
---------------------------------------------------------

Running benchmark, 1 frames, beginning at frame 0 ...
Dumping frames to output_xxx.ppm
Copying image data from device
Wrote image file output_0000.ppm
Copying image data from device
***************** Correctness check passed **************************
Clear:    2.0936 ms
Advance:  0.2921 ms
Render:   0.3473 ms
Total:    2.7330 ms
File IO:  63.5022 ms

Overall:  0.0788 sec (note units are seconds)
