Rendering to 1024x1024 image
Loaded scene with 315 circles
Loaded scene with 315 circles
---------------------------------------------------------
Initializing CUDA for CudaRenderer
Found 1 CUDA devices
Device 0: NVIDIA GeForce RTX 3060 Laptop GPU
   SMs:        30
   Global mem: 6144 MB
   CUDA Cap:   8.6
---------------------------------------------------------

Running benchmark, 1 frames, beginning at frame 0 ...
Dumping frames to output_xxx.ppm
Copying image data from device
Wrote image file output_0000.ppm
Copying image data from device
***************** Correctness check passed **************************
Clear:    1.4431 ms
Advance:  0.1959 ms
Render:   5.3302 ms
Total:    6.9692 ms
File IO:  61.7668 ms

Overall:  0.0816 sec (note units are seconds)
